<?xml version="1.0" encoding="UTF-8"?>
<testsuite xmlns:xsi="http://www.w3.org/2001/XMLSchema-instance" xsi:noNamespaceSchemaLocation="https://maven.apache.org/surefire/maven-surefire-plugin/xsd/surefire-test-report.xsd" version="3.0.2" name="com.example.inventorysystem.selenium.SeleniumTest" time="35.159" tests="4" errors="0" skipped="0" failures="0">
  <properties>
[...]
</properties>
  <testcase name="testAddProductForm" classname="com.example.inventorysystem.selenium.SeleniumTest" time="3.408">
    <system-out><![CDATA[2024-12-09T14:56:18.957+05:30  INFO 6460 --- [inventorysystem] [           main] i.g.bonigarcia.wdm.WebDriverManager      : Using chromedriver 131.0.6778.87 (resolved driver for Chrome 131)
2024-12-09T14:56:18.976+05:30  INFO 6460 --- [inventorysystem] [           main] i.g.bonigarcia.wdm.WebDriverManager      : Exporting webdriver.chrome.driver as C:\Users\siona\.cache\selenium\chromedriver\win64\131.0.6778.87\chromedriver.exe
2024-12-09T14:56:20.246+05:30  WARN 6460 --- [inventorysystem] [           main] o.o.selenium.devtools.CdpVersionFinder   : Unable to find an exact match for CDP version 131, returning the closest version; found: 129; Please update to a Selenium version that supports CDP version 131
]]></system-out>
  </testcase>
  <testcase name="testEditProduct" classname="com.example.inventorysystem.selenium.SeleniumTest" time="4.928">
    <system-out><![CDATA[2024-12-09T14:56:23.048+05:30  WARN 6460 --- [inventorysystem] [           main] o.o.selenium.devtools.CdpVersionFinder   : Unable to find an exact match for CDP version 131, returning the closest version; found: 129; Please update to a Selenium version that supports CDP version 131
]]></system-out>
  </testcase>
  <testcase name="testDeleteProduct" classname="com.example.inventorysystem.selenium.SeleniumTest" time="23.913">
    <system-out><![CDATA[2024-12-09T14:56:28.047+05:30  WARN 6460 --- [inventorysystem] [           main] o.o.selenium.devtools.CdpVersionFinder   : Unable to find an exact match for CDP version 131, returning the closest version; found: 129; Please update to a Selenium version that supports CDP version 131
]]></system-out>
  </testcase>
  <testcase name="testNavigationToAnalysisPage" classname="com.example.inventorysystem.selenium.SeleniumTest" time="2.384">
    <system-out><![CDATA[2024-12-09T14:56:52.110+05:30  WARN 6460 --- [inventorysystem] [           main] o.o.selenium.devtools.CdpVersionFinder   : Unable to find an exact match for CDP version 131, returning the closest version; found: 129; Please update to a Selenium version that supports CDP version 131
]]></system-out>
  </testcase>
</testsuite>