<?xml version="1.0" encoding="UTF-8"?>
<testsuite xmlns:xsi="http://www.w3.org/2001/XMLSchema-instance" xsi:noNamespaceSchemaLocation="https://maven.apache.org/surefire/maven-surefire-plugin/xsd/surefire-test-report.xsd" version="3.0.2" name="com.example.inventorysystem.InventorysystemApplicationTests" time="11.255" tests="1" errors="0" skipped="0" failures="0">
  <properties>
[...]
</properties>
  <testcase name="contextLoads" classname="com.example.inventorysystem.InventorysystemApplicationTests" time="0.719">
    <system-out><![CDATA[16:44:22.314 [main] INFO org.springframework.test.context.support.AnnotationConfigContextLoaderUtils -- Could not detect default configuration classes for test class [com.example.inventorysystem.InventorysystemApplicationTests]: InventorysystemApplicationTests does not declare any static, non-private, non-final, nested classes annotated with @Configuration.
16:44:22.564 [main] INFO org.springframework.boot.test.context.SpringBootTestContextBootstrapper -- Found @SpringBootConfiguration com.example.inventorysystem.InventorysystemApplication for test class com.example.inventorysystem.InventorysystemApplicationTests
16:44:23.048 [main] INFO org.springframework.boot.devtools.restart.RestartApplicationListener -- Restart disabled due to context in which it is running

  .   ____          _            __ _ _
 /\\ / ___'_ __ _ _(_)_ __  __ _ \ \ \ \
( ( )\___ | '_ | '_| | '_ \/ _` | \ \ \ \
 \\/  ___)| |_)| | | | | || (_| |  ) ) ) )
  '  |____| .__|_| |_|_| |_\__, | / / / /
 =========|_|==============|___/=/_/_/_/

 :: Spring Boot ::                (v3.4.0)

2024-12-06T16:44:23.632+05:30  INFO 12900 --- [inventorysystem] [           main] c.e.i.InventorysystemApplicationTests    : Starting InventorysystemApplicationTests using Java 21.0.5 with PID 12900 (started by siona in C:\Users\siona\Downloads\inventorysystem\inventorysystem)
2024-12-06T16:44:23.632+05:30  INFO 12900 --- [inventorysystem] [           main] c.e.i.InventorysystemApplicationTests    : No active profile set, falling back to 1 default profile: "default"
2024-12-06T16:44:25.683+05:30  INFO 12900 --- [inventorysystem] [           main] .s.d.r.c.RepositoryConfigurationDelegate : Bootstrapping Spring Data JPA repositories in DEFAULT mode.
2024-12-06T16:44:25.933+05:30  INFO 12900 --- [inventorysystem] [           main] .s.d.r.c.RepositoryConfigurationDelegate : Finished Spring Data repository scanning in 202 ms. Found 1 JPA repository interface.
2024-12-06T16:44:27.386+05:30  INFO 12900 --- [inventorysystem] [           main] o.hibernate.jpa.internal.util.LogHelper  : HHH000204: Processing PersistenceUnitInfo [name: default]
2024-12-06T16:44:27.636+05:30  INFO 12900 --- [inventorysystem] [           main] org.hibernate.Version                    : HHH000412: Hibernate ORM core version 6.6.2.Final
2024-12-06T16:44:27.777+05:30  INFO 12900 --- [inventorysystem] [           main] o.h.c.internal.RegionFactoryInitiator    : HHH000026: Second-level cache disabled
2024-12-06T16:44:28.230+05:30  INFO 12900 --- [inventorysystem] [           main] o.s.o.j.p.SpringPersistenceUnitInfo      : No LoadTimeWeaver setup: ignoring JPA class transformer
2024-12-06T16:44:28.277+05:30  INFO 12900 --- [inventorysystem] [           main] com.zaxxer.hikari.HikariDataSource       : HikariPool-1 - Starting...
2024-12-06T16:44:28.449+05:30  INFO 12900 --- [inventorysystem] [           main] com.zaxxer.hikari.pool.HikariPool        : HikariPool-1 - Added connection conn0: url=jdbc:h2:file:./data/testdb user=SA
2024-12-06T16:44:28.449+05:30  INFO 12900 --- [inventorysystem] [           main] com.zaxxer.hikari.HikariDataSource       : HikariPool-1 - Start completed.
2024-12-06T16:44:28.496+05:30  WARN 12900 --- [inventorysystem] [           main] org.hibernate.orm.deprecation            : HHH90000025: H2Dialect does not need to be specified explicitly using 'hibernate.dialect' (remove the property setting and it will be selected by default)
2024-12-06T16:44:28.542+05:30  INFO 12900 --- [inventorysystem] [           main] org.hibernate.orm.connections.pooling    : HHH10001005: Database info:
	Database JDBC URL [Connecting through datasource 'HikariDataSource (HikariPool-1)']
	Database driver: undefined/unknown
	Database version: 2.3.232
	Autocommit mode: undefined/unknown
	Isolation level: undefined/unknown
	Minimum pool size: undefined/unknown
	Maximum pool size: undefined/unknown
2024-12-06T16:44:29.585+05:30  INFO 12900 --- [inventorysystem] [           main] o.h.e.t.j.p.i.JtaPlatformInitiator       : HHH000489: No JTA platform available (set 'hibernate.transaction.jta.platform' to enable JTA platform integration)
2024-12-06T16:44:29.631+05:30  INFO 12900 --- [inventorysystem] [           main] j.LocalContainerEntityManagerFactoryBean : Initialized JPA EntityManagerFactory for persistence unit 'default'
2024-12-06T16:44:30.959+05:30  WARN 12900 --- [inventorysystem] [           main] JpaBaseConfiguration$JpaWebConfiguration : spring.jpa.open-in-view is enabled by default. Therefore, database queries may be performed during view rendering. Explicitly configure spring.jpa.open-in-view to disable this warning
2024-12-06T16:44:31.100+05:30  INFO 12900 --- [inventorysystem] [           main] o.s.b.a.w.s.WelcomePageHandlerMapping    : Adding welcome page: class path resource [static/index.html]
2024-12-06T16:44:32.241+05:30  INFO 12900 --- [inventorysystem] [           main] o.s.b.a.h2.H2ConsoleAutoConfiguration    : H2 console available at '/h2-console'. Database available at 'jdbc:h2:file:./data/testdb'
2024-12-06T16:44:32.459+05:30  INFO 12900 --- [inventorysystem] [           main] c.e.i.InventorysystemApplicationTests    : Started InventorysystemApplicationTests in 9.442 seconds (process running for 11.657)
]]></system-out>
    <system-err><![CDATA[Mockito is currently self-attaching to enable the inline-mock-maker. This will no longer work in future releases of the JDK. Please add Mockito as an agent to your build what is described in Mockito's documentation: https://javadoc.io/doc/org.mockito/mockito-core/latest/org/mockito/Mockito.html#0.3
WARNING: A Java agent has been loaded dynamically (C:\Users\siona\.m2\repository\net\bytebuddy\byte-buddy-agent\1.15.10\byte-buddy-agent-1.15.10.jar)
WARNING: If a serviceability tool is in use, please run with -XX:+EnableDynamicAgentLoading to hide this warning
WARNING: If a serviceability tool is not in use, please run with -Djdk.instrument.traceUsage for more information
WARNING: Dynamic loading of agents will be disallowed by default in a future release
]]></system-err>
  </testcase>
</testsuite>